<?xml version="1.0" encoding="UTF-8"?>
<!-- Generated by org.testng.reporters.JUnitReportReporter -->
<testsuite hostname="SandraArun" failures="0" tests="1" name="testScript.InputForm" time="6.288" errors="0" timestamp="2024-12-24T06:34:18 IST" skipped="0">
  <testcase classname="testScript.InputForm" name="inputForm" time="6.288"/>
  <system-out/>
</testsuite> <!-- testScript.InputForm -->
