<?xml version="1.0" encoding="UTF-8"?>
<!-- Generated by org.testng.reporters.JUnitReportReporter -->
<testsuite hostname="SandraArun" failures="0" tests="3" name="testScript.Annotations" time="0.020" errors="0" timestamp="2024-12-24T06:40:14 IST" skipped="0">
  <testcase classname="testScript.Annotations" name="sample" time="0.007"/>
  <system-out/>
  <testcase classname="testScript.Annotations" name="demoTest" time="0.010"/>
  <system-out/>
  <testcase classname="testScript.Annotations" name="example" time="0.003"/>
  <system-out/>
</testsuite> <!-- testScript.Annotations -->
